2026-04-15 02:32:28,412 | INFO | [User:33] Найдено отчетов: 4
2026-04-15 02:32:55,733 | INFO | [User:33] Найдено артикулов: 43
2026-04-15 02:33:03,691 | INFO | [User:33] Найдено отчетов: 4
2026-04-15 02:38:03,743 | INFO | [User:33] Создан новый отчет 23.03.2026 – 29.03.2026 с ID: 69
2026-04-15 02:41:45,555 | INFO | [User:33] Создан новый отчет 23.03.2026 – 29.03.2026 с ID: 70
2026-04-15 02:41:57,019 | INFO | [User:33] Создан новый отчет 23.03.2026 – 29.03.2026 с ID: 71
2026-04-15 02:42:52,022 | INFO | [User:33] Найдено отчетов: 7
2026-04-15 02:46:39,935 | INFO | [User:33] Найдено артикулов: 0
2026-04-15 02:46:42,159 | INFO | [User:33] Найдено отчетов: 0
2026-04-15 02:54:53,882 | INFO | [User:33] Создан новый отчет 09.02.2026 – 15.02.2026 с ID: 72
2026-04-15 02:55:32,123 | INFO | [User:33] Обновлен P&L для отчета 72: налог=4900.5018, чистая прибыль=75774.5282
2026-04-15 02:55:33,223 | INFO | [User:33] Обновлен P&L для отчета 72: налог=4900.5018, чистая прибыль=75774.5282
2026-04-15 02:56:00,203 | INFO | [User:33] Обновлен P&L для отчета 72: налог=4900.5018, чистая прибыль=75249.5282
2026-04-15 02:56:01,641 | INFO | [User:33] Обновлен P&L для отчета 72: налог=4900.5018, чистая прибыль=70074.5282
2026-04-15 02:56:01,975 | INFO | [User:33] Обновлен P&L для отчета 72: налог=4900.5018, чистая прибыль=64374.5282
2026-04-15 02:56:02,215 | INFO | [User:33] Обновлен P&L для отчета 72: налог=4900.5018, чистая прибыль=64374.5282
2026-04-15 02:56:03,132 | INFO | [User:33] Обновлен P&L для отчета 72: налог=4900.5018, чистая прибыль=64224.5282
2026-04-15 02:56:03,291 | INFO | [User:33] Обновлен P&L для отчета 72: налог=4900.5018, чистая прибыль=64224.5282
2026-04-15 02:56:03,456 | INFO | [User:33] Обновлен P&L для отчета 72: налог=4900.5018, чистая прибыль=64224.5282
2026-04-15 02:56:05,124 | INFO | [User:33] Обновлен P&L для отчета 72: налог=4900.5018, чистая прибыль=61899.5282
2026-04-15 02:56:05,497 | INFO | [User:33] Обновлен P&L для отчета 72: налог=4900.5018, чистая прибыль=61899.5282
2026-04-15 02:56:05,808 | INFO | [User:33] Обновлен P&L для отчета 72: налог=4900.5018, чистая прибыль=61899.5282
2026-04-15 02:56:06,246 | INFO | [User:33] Обновлен P&L для отчета 72: налог=4900.5018, чистая прибыль=61899.5282
2026-04-15 02:56:11,267 | INFO | [User:33] Обновлен P&L для отчета 72: налог=4900.5018, чистая прибыль=60249.5282
2026-04-15 02:56:25,391 | INFO | [User:33] Обновлен P&L для отчета 72: налог=4900.5018, чистая прибыль=60069.5282
2026-04-15 02:56:33,120 | INFO | [User:33] Обновлен P&L для отчета 72: налог=4900.5018, чистая прибыль=59349.5282
2026-04-15 02:56:34,694 | INFO | [User:33] Обновлен P&L для отчета 72: налог=4900.5018, чистая прибыль=54389.5282
2026-04-15 02:56:35,010 | INFO | [User:33] Обновлен P&L для отчета 72: налог=4900.5018, чистая прибыль=53269.5282
2026-04-15 02:56:35,309 | INFO | [User:33] Обновлен P&L для отчета 72: налог=4900.5018, чистая прибыль=52949.5282
2026-04-15 02:56:35,646 | INFO | [User:33] Обновлен P&L для отчета 72: налог=4900.5018, чистая прибыль=52629.5282
2026-04-15 02:56:36,432 | INFO | [User:33] Обновлен P&L для отчета 72: налог=4900.5018, чистая прибыль=51029.5282
2026-04-15 02:56:36,749 | INFO | [User:33] Обновлен P&L для отчета 72: налог=4900.5018, чистая прибыль=51029.5282
2026-04-15 02:56:37,044 | INFO | [User:33] Обновлен P&L для отчета 72: налог=4900.5018, чистая прибыль=51029.5282
2026-04-15 02:56:37,435 | INFO | [User:33] Обновлен P&L для отчета 72: налог=4900.5018, чистая прибыль=51029.5282
2026-04-15 02:56:37,832 | INFO | [User:33] Обновлен P&L для отчета 72: налог=4900.5018, чистая прибыль=51029.5282
2026-04-15 02:56:49,217 | INFO | [User:33] Обновлен P&L для отчета 72: налог=4900.5018, чистая прибыль=50469.5282
2026-04-15 02:56:52,897 | INFO | [User:33] Обновлен P&L для отчета 72: налог=4900.5018, чистая прибыль=49569.5282
2026-04-15 02:57:20,278 | INFO | [User:33] Обновлен P&L для отчета 72: налог=4900.5018, чистая прибыль=48659.5282
2026-04-15 02:57:23,529 | INFO | [User:33] Обновлен P&L для отчета 72: налог=4900.5018, чистая прибыль=47819.5282
2026-04-15 02:57:23,866 | INFO | [User:33] Обновлен P&L для отчета 72: налог=4900.5018, чистая прибыль=47819.5282
2026-04-15 02:57:24,133 | INFO | [User:33] Обновлен P&L для отчета 72: налог=4900.5018, чистая прибыль=47819.5282
2026-04-15 02:57:24,361 | INFO | [User:33] Обновлен P&L для отчета 72: налог=4900.5018, чистая прибыль=47819.5282
2026-04-15 02:57:24,620 | INFO | [User:33] Обновлен P&L для отчета 72: налог=4900.5018, чистая прибыль=47819.5282
2026-04-15 02:57:39,935 | INFO | [User:33] Обновлен P&L для отчета 72: налог=4900.5018, чистая прибыль=47879.5282
2026-04-15 02:57:41,835 | INFO | [User:33] Обновлен P&L для отчета 72: налог=4900.5018, чистая прибыль=47969.5282
2026-04-15 02:57:47,537 | INFO | [User:33] Обновлен P&L для отчета 72: налог=4900.5018, чистая прибыль=47369.5282
2026-04-15 02:57:47,998 | INFO | [User:33] Обновлен P&L для отчета 72: налог=4900.5018, чистая прибыль=47369.5282
2026-04-15 02:57:48,196 | INFO | [User:33] Обновлен P&L для отчета 72: налог=4900.5018, чистая прибыль=47249.5282
2026-04-15 02:57:48,466 | INFO | [User:33] Обновлен P&L для отчета 72: налог=4900.5018, чистая прибыль=47249.5282
2026-04-15 02:57:49,583 | INFO | [User:33] Обновлен P&L для отчета 72: налог=4900.5018, чистая прибыль=47209.5282
2026-04-15 02:57:50,935 | INFO | [User:33] Обновлен P&L для отчета 72: налог=4900.5018, чистая прибыль=47209.5282
2026-04-15 02:57:54,295 | INFO | [User:33] Обновлен P&L для отчета 72: налог=4900.5018, чистая прибыль=46569.5282
2026-04-15 02:57:54,696 | INFO | [User:33] Обновлен P&L для отчета 72: налог=4900.5018, чистая прибыль=46569.5282
2026-04-15 02:57:54,846 | INFO | [User:33] Обновлен P&L для отчета 72: налог=4900.5018, чистая прибыль=46569.5282
2026-04-15 02:57:55,027 | INFO | [User:33] Обновлен P&L для отчета 72: налог=4900.5018, чистая прибыль=46569.5282
2026-04-15 02:58:09,524 | INFO | [User:33] Обновлен P&L для отчета 72: налог=4900.5018, чистая прибыль=45799.5282
2026-04-15 02:58:17,475 | INFO | [User:33] Обновлен P&L для отчета 72: налог=4900.5018, чистая прибыль=45574.5282
2026-04-15 02:58:20,515 | INFO | [User:33] Обновлен P&L для отчета 72: налог=4900.5018, чистая прибыль=45349.5282
2026-04-15 02:58:21,899 | INFO | [User:33] Обновлен P&L для отчета 72: налог=4900.5018, чистая прибыль=45349.5282
2026-04-15 02:58:53,209 | INFO | [User:33] Найдено отчетов: 1
2026-04-15 02:59:38,418 | INFO | [User:33] Найдено отчетов: 1
2026-04-15 03:00:47,290 | INFO | [User:33] Найдено отчетов: 1
2026-04-15 03:01:28,307 | INFO | [User:33] Создан новый отчет 02.02.2026 – 08.02.2026 с ID: 73
2026-04-15 03:01:47,379 | INFO | [User:33] Обновлен P&L для отчета 73: налог=0.0, чистая прибыль=69281.99
2026-04-15 03:01:49,179 | INFO | [User:33] Обновлен P&L для отчета 73: налог=0.0, чистая прибыль=68081.99
2026-04-15 03:01:53,317 | INFO | [User:33] Найдено артикулов: 48
2026-04-15 03:02:02,944 | INFO | [User:33] Найдено артикулов: 48
2026-04-15 03:02:52,062 | INFO | [User:33] Обновлен P&L для отчета 73: налог=695069.9, чистая прибыль=-650074.98
2026-04-15 03:02:56,959 | INFO | [User:33] Обновлен P&L для отчета 73: налог=695069.9, чистая прибыль=-650802.91
2026-04-15 03:03:01,180 | INFO | [User:33] Обновлен P&L для отчета 73: налог=695069.9, чистая прибыль=-651802.91
2026-04-15 03:03:04,193 | INFO | [User:33] Обновлен P&L для отчета 73: налог=4170.4194, чистая прибыль=39096.57060000001
2026-04-15 03:03:12,883 | INFO | [User:33] Обновлен P&L для отчета 73: налог=4170.4194, чистая прибыль=39201.57060000001
2026-04-15 03:10:01,749 | INFO | [User:33] Создан новый отчет 02.02.2026 – 08.02.2026 с ID: 74
2026-04-15 03:10:07,363 | INFO | [User:33] Обновлен P&L для отчета 74: налог=0.0, чистая прибыль=69281.99
2026-04-15 03:10:12,210 | INFO | [User:33] Обновлен P&L для отчета 74: налог=0.0, чистая прибыль=68081.99
2026-04-15 03:10:28,910 | INFO | [User:33] Обновлен P&L для отчета 74: налог=0.0, чистая прибыль=67361.99
2026-04-15 03:10:47,764 | INFO | [User:33] Обновлен P&L для отчета 74: налог=0.0, чистая прибыль=65521.990000000005
2026-04-15 03:10:50,721 | INFO | [User:33] Обновлен P&L для отчета 74: налог=0.0, чистая прибыль=64001.990000000005
2026-04-15 03:10:51,009 | INFO | [User:33] Обновлен P&L для отчета 74: налог=0.0, чистая прибыль=64001.990000000005
2026-04-15 03:10:52,540 | INFO | [User:33] Обновлен P&L для отчета 74: налог=0.0, чистая прибыль=63761.990000000005
2026-04-15 03:10:53,614 | INFO | [User:33] Обновлен P&L для отчета 74: налог=0.0, чистая прибыль=63761.990000000005
2026-04-15 03:10:58,916 | INFO | [User:33] Обновлен P&L для отчета 74: налог=0.0, чистая прибыль=63581.990000000005
2026-04-15 03:11:02,801 | INFO | [User:33] Обновлен P&L для отчета 74: налог=0.0, чистая прибыль=62606.990000000005
2026-04-15 03:11:07,808 | INFO | [User:33] Обновлен P&L для отчета 74: налог=0.0, чистая прибыль=62671.990000000005
2026-04-15 03:11:10,801 | INFO | [User:33] Обновлен P&L для отчета 74: налог=0.0, чистая прибыль=61691.990000000005
2026-04-15 03:11:11,133 | INFO | [User:33] Обновлен P&L для отчета 74: налог=0.0, чистая прибыль=61691.990000000005
2026-04-15 03:11:14,875 | INFO | [User:33] Обновлен P&L для отчета 74: налог=0.0, чистая прибыль=61491.990000000005
2026-04-15 03:11:17,135 | INFO | [User:33] Обновлен P&L для отчета 74: налог=0.0, чистая прибыль=61291.990000000005
2026-04-15 03:11:21,238 | INFO | [User:33] Обновлен P&L для отчета 74: налог=0.0, чистая прибыль=60691.990000000005
2026-04-15 03:11:23,271 | INFO | [User:33] Обновлен P&L для отчета 74: налог=0.0, чистая прибыль=55516.990000000005
2026-04-15 03:11:23,616 | INFO | [User:33] Обновлен P&L для отчета 74: налог=0.0, чистая прибыль=53041.990000000005
2026-04-15 03:11:23,931 | INFO | [User:33] Обновлен P&L для отчета 74: налог=0.0, чистая прибыль=51841.990000000005
2026-04-15 03:11:24,394 | INFO | [User:33] Обновлен P&L для отчета 74: налог=0.0, чистая прибыль=51466.990000000005
2026-04-15 03:11:24,768 | INFO | [User:33] Обновлен P&L для отчета 74: налог=0.0, чистая прибыль=51466.990000000005
2026-04-15 03:11:24,965 | INFO | [User:33] Обновлен P&L для отчета 74: налог=0.0, чистая прибыль=51466.990000000005
2026-04-15 03:11:25,110 | INFO | [User:33] Обновлен P&L для отчета 74: налог=0.0, чистая прибыль=51466.990000000005
2026-04-15 03:11:25,265 | INFO | [User:33] Обновлен P&L для отчета 74: налог=0.0, чистая прибыль=51466.990000000005
2026-04-15 03:11:25,899 | INFO | [User:33] Обновлен P&L для отчета 74: налог=0.0, чистая прибыль=51466.990000000005
2026-04-15 03:11:31,458 | INFO | [User:33] Обновлен P&L для отчета 74: налог=0.0, чистая прибыль=50666.990000000005
2026-04-15 03:11:36,782 | INFO | [User:33] Обновлен P&L для отчета 74: налог=0.0, чистая прибыль=48106.990000000005
2026-04-15 03:11:36,998 | INFO | [User:33] Обновлен P&L для отчета 74: налог=0.0, чистая прибыль=48106.990000000005
2026-04-15 03:11:37,080 | INFO | [User:33] Обновлен P&L для отчета 74: налог=0.0, чистая прибыль=48106.990000000005
2026-04-15 03:11:37,260 | INFO | [User:33] Обновлен P&L для отчета 74: налог=0.0, чистая прибыль=48106.990000000005
2026-04-15 03:11:37,468 | INFO | [User:33] Обновлен P&L для отчета 74: налог=0.0, чистая прибыль=48106.990000000005
2026-04-15 03:11:37,580 | INFO | [User:33] Обновлен P&L для отчета 74: налог=0.0, чистая прибыль=48106.990000000005
2026-04-15 03:11:38,148 | INFO | [User:33] Обновлен P&L для отчета 74: налог=0.0, чистая прибыль=48106.990000000005
2026-04-15 03:11:42,651 | INFO | [User:33] Обновлен P&L для отчета 74: налог=0.0, чистая прибыль=47786.990000000005
2026-04-15 03:11:44,708 | INFO | [User:33] Обновлен P&L для отчета 74: налог=0.0, чистая прибыль=47261.990000000005
2026-04-15 03:11:46,729 | INFO | [User:33] Обновлен P&L для отчета 74: налог=0.0, чистая прибыль=47737.990000000005
2026-04-15 03:11:51,286 | INFO | [User:33] Обновлен P&L для отчета 74: налог=0.0, чистая прибыль=47296.990000000005
2026-04-15 03:11:56,077 | INFO | [User:33] Обновлен P&L для отчета 74: налог=0.0, чистая прибыль=47256.990000000005
2026-04-15 03:11:58,190 | INFO | [User:33] Обновлен P&L для отчета 74: налог=0.0, чистая прибыль=46496.990000000005
2026-04-15 03:11:58,530 | INFO | [User:33] Обновлен P&L для отчета 74: налог=0.0, чистая прибыль=46496.990000000005
2026-04-15 03:11:58,650 | INFO | [User:33] Обновлен P&L для отчета 74: налог=0.0, чистая прибыль=46496.990000000005
2026-04-15 03:11:58,843 | INFO | [User:33] Обновлен P&L для отчета 74: налог=0.0, чистая прибыль=46496.990000000005
2026-04-15 03:11:59,023 | INFO | [User:33] Обновлен P&L для отчета 74: налог=0.0, чистая прибыль=46456.990000000005
2026-04-15 03:11:59,645 | INFO | [User:33] Обновлен P&L для отчета 74: налог=0.0, чистая прибыль=46456.990000000005
2026-04-15 03:12:00,380 | INFO | [User:33] Обновлен P&L для отчета 74: налог=0.0, чистая прибыль=46456.990000000005
2026-04-15 03:12:05,150 | INFO | [User:33] Обновлен P&L для отчета 74: налог=0.0, чистая прибыль=46176.990000000005
2026-04-15 03:12:05,593 | INFO | [User:33] Обновлен P&L для отчета 74: налог=0.0, чистая прибыль=46176.990000000005
2026-04-15 03:12:07,645 | INFO | [User:33] Обновлен P&L для отчета 74: налог=0.0, чистая прибыль=45801.990000000005
2026-04-15 03:12:10,413 | INFO | [User:33] Обновлен P&L для отчета 74: налог=0.0, чистая прибыль=45576.990000000005
2026-04-15 03:12:12,149 | INFO | [User:33] Обновлен P&L для отчета 74: налог=0.0, чистая прибыль=45351.990000000005
2026-04-15 03:12:14,097 | INFO | [User:33] Обновлен P&L для отчета 74: налог=0.0, чистая прибыль=44581.990000000005
2026-04-15 03:12:36,819 | INFO | [User:33] Обновлен P&L для отчета 74: налог=0.0, чистая прибыль=43581.990000000005
2026-04-15 03:12:38,436 | INFO | [User:33] Обновлен P&L для отчета 74: налог=4170.4194, чистая прибыль=39411.57060000001
2026-04-15 03:12:43,097 | INFO | [User:33] Найдено отчетов: 1
2026-04-15 03:12:45,984 | INFO | [User:33] Найдено артикулов: 46
2026-04-15 03:13:08,611 | INFO | [User:33] Создан новый отчет 09.02.2026 – 15.02.2026 с ID: 75
2026-04-15 03:13:18,523 | INFO | [User:33] Обновлен P&L для отчета 75: налог=0.0, чистая прибыль=51480.03
2026-04-15 03:13:23,439 | INFO | [User:33] Обновлен P&L для отчета 75: налог=0.0, чистая прибыль=51490.03
2026-04-15 03:13:27,470 | INFO | [User:33] Обновлен P&L для отчета 75: налог=0.0, чистая прибыль=51450.03
2026-04-15 03:13:41,953 | INFO | [User:33] Обновлен P&L для отчета 75: налог=4900.5018, чистая прибыль=46549.5282
2026-04-15 03:14:10,912 | INFO | [User:33] Обновлен P&L для отчета 75: налог=4900.5018, чистая прибыль=44549.5282
2026-04-15 03:14:36,308 | INFO | [User:33] Найдено отчетов: 2
2026-04-15 03:16:11,199 | INFO | [User:33] Создан новый отчет 02.02.2026 – 08.02.2026 с ID: 76
2026-04-15 03:18:05,039 | INFO | [User:33] Обновлен P&L для отчета 76: налог=4170.4194, чистая прибыль=65336.57060000001
2026-04-15 03:18:07,408 | INFO | [User:33] Обновлен P&L для отчета 76: налог=4170.4194, чистая прибыль=64336.57060000001
2026-04-15 03:18:26,273 | INFO | [User:33] Создан новый отчет 02.02.2026 – 08.02.2026 с ID: 77
2026-04-15 03:18:35,153 | INFO | [User:33] Обновлен P&L для отчета 77: налог=695069.9, чистая прибыль=-625562.91
2026-04-15 03:18:38,213 | INFO | [User:33] Обновлен P&L для отчета 77: налог=4170.4194, чистая прибыль=65336.57060000001
2026-04-15 03:18:40,862 | INFO | [User:33] Обновлен P&L для отчета 77: налог=4170.4194, чистая прибыль=64336.57060000001
2026-04-15 03:18:49,891 | INFO | [User:33] Найдено отчетов: 4
2026-04-15 11:10:04,914 | INFO | [User:33] Создан новый отчет 02.02.2026 – 08.02.2026 с ID: 78
2026-04-15 11:10:20,767 | INFO | [User:33] Создан новый отчет 09.02.2026 – 15.02.2026 с ID: 79
2026-04-15 11:11:02,986 | INFO | [User:33] Создан новый отчет 02.02.2026 – 08.02.2026 с ID: 80
2026-04-15 11:13:47,539 | INFO | [User:33] Создан новый отчет 02.02.2026 – 08.02.2026 с ID: 81
2026-04-15 11:13:53,110 | INFO | [User:33] Создан новый отчет 02.02.2026 – 08.02.2026 с ID: 82
2026-04-15 11:14:33,028 | INFO | [User:33] Создан новый отчет 02.02.2026 – 08.02.2026 с ID: 83
2026-04-15 11:19:41,552 | INFO | [User:33] Создан новый отчет 02.02.2026 – 08.02.2026 с ID: 84
2026-04-15 11:19:57,713 | INFO | [User:33] Создан новый отчет 02.02.2026 – 08.02.2026 с ID: 85
2026-04-15 11:21:34,412 | INFO | [User:33] Создан новый отчет 09.02.2026 – 15.02.2026 с ID: 86
2026-04-15 11:23:03,629 | INFO | [User:33] Создан новый отчет 16.02.2026 – 22.02.2026 с ID: 87
2026-04-15 11:23:40,359 | INFO | [User:33] Создан новый отчет 16.02.2026 – 22.02.2026 с ID: 88
2026-04-15 11:30:16,032 | INFO | [User:33] Создан новый отчет 02.02.2026 – 08.02.2026 с ID: 89
2026-04-15 11:33:37,517 | INFO | [User:33] Создан новый отчет 02.02.2026 – 08.02.2026 с ID: 90
2026-04-15 11:34:19,659 | INFO | [User:33] Создан новый отчет 09.02.2026 – 15.02.2026 с ID: 91
2026-04-15 11:34:29,147 | INFO | [User:33] Создан новый отчет 09.02.2026 – 15.02.2026 с ID: 92
2026-04-15 11:34:37,798 | INFO | [User:33] Создан новый отчет 16.02.2026 – 22.02.2026 с ID: 93
2026-04-15 11:44:25,266 | INFO | [User:33] Создан новый отчет 09.02.2026 – 15.02.2026 с ID: 94
2026-04-15 11:44:34,768 | INFO | [User:33] Создан новый отчет 16.02.2026 – 22.02.2026 с ID: 95
2026-04-15 11:44:44,602 | INFO | [User:33] Создан новый отчет 09.02.2026 – 15.02.2026 с ID: 96
2026-04-15 11:53:05,886 | INFO | [User:33] Создан новый отчет 09.02.2026 – 15.02.2026 с ID: 97
2026-04-15 11:53:21,136 | INFO | [User:33] Создан новый отчет 02.02.2026 – 08.02.2026 с ID: 98
2026-04-15 11:53:54,219 | INFO | [User:33] Создан новый отчет 02.02.2026 – 08.02.2026 с ID: 99
2026-04-15 11:54:01,598 | INFO | [User:33] Создан новый отчет 02.02.2026 – 08.02.2026 с ID: 100
2026-04-15 11:54:06,059 | INFO | [User:33] Найдено артикулов: 48
2026-04-15 11:54:08,388 | INFO | [User:33] Найдено отчетов: 4
