2026-04-07 14:07:33,351 | INFO | [User:33] Создан новый отчет 23.03.2026 – 29.03.2026 с ID: 65
2026-04-07 14:07:37,873 | INFO | [User:33] Обновлен P&L для отчета 65: налог=0.0, чистая прибыль=1946.0300000000002
2026-04-07 14:07:38,685 | INFO | [User:33] Обновлен P&L для отчета 65: налог=0.0, чистая прибыль=1946.0300000000002
2026-04-07 14:07:41,668 | INFO | [User:33] Обновлен P&L для отчета 65: налог=236.7618, чистая прибыль=709.2682000000004
2026-04-07 14:07:42,835 | INFO | [User:33] Обновлен P&L для отчета 65: налог=236.7618, чистая прибыль=709.2682000000004
2026-04-07 14:07:53,239 | INFO | [User:33] Найдено артикулов: 43
2026-04-07 14:08:52,575 | INFO | [User:33] Найдено отчетов: 4
2026-04-07 14:09:23,668 | INFO | [User:33] Найдено артикулов: 41
2026-04-07 14:10:03,176 | INFO | [User:33] === ДЕМОНСТРАЦИЯ ПАТТЕРНОВ ===
2026-04-07 14:10:03,177 | INFO | [User:33] 1. Singleton: логгер создан в единственном экземпляре
2026-04-07 14:10:03,177 | INFO | [User:33] 2. Template Method: создаём анализатор Wildberries
2026-04-07 14:10:03,177 | INFO | [User:33] Начало анализа отчёта
2026-04-07 14:10:03,177 | INFO | Валидация файла Wildberries
2026-04-07 14:10:03,177 | INFO | Загрузка данных Wildberries
2026-04-07 14:11:10,716 | INFO | [User:33] === ДЕМОНСТРАЦИЯ ПАТТЕРНОВ ===
2026-04-07 14:11:10,717 | INFO | [User:33] 1. Singleton: логгер создан в единственном экземпляре
2026-04-07 14:11:10,717 | INFO | [User:33] 2. Template Method: создаём анализатор Wildberries
2026-04-07 14:11:10,717 | INFO | [User:33] Начало анализа отчёта
2026-04-07 14:11:10,717 | INFO | Валидация файла Wildberries
2026-04-07 14:11:10,717 | INFO | Загрузка данных Wildberries
2026-04-07 14:11:11,492 | INFO | [User:33] === ДЕМОНСТРАЦИЯ ПАТТЕРНОВ ===
2026-04-07 14:11:11,492 | INFO | [User:33] 1. Singleton: логгер создан в единственном экземпляре
2026-04-07 14:11:11,492 | INFO | [User:33] 2. Template Method: создаём анализатор Wildberries
2026-04-07 14:11:11,492 | INFO | [User:33] Начало анализа отчёта
2026-04-07 14:11:11,493 | INFO | Валидация файла Wildberries
2026-04-07 14:11:11,493 | INFO | Загрузка данных Wildberries
2026-04-07 14:14:45,236 | INFO | [User:33] Создан новый отчет 23.03.2026 – 29.03.2026 с ID: 66
2026-04-07 14:14:49,723 | INFO | [User:33] Обновлен P&L для отчета 66: налог=0.0, чистая прибыль=1946.0300000000002
2026-04-07 14:14:50,623 | INFO | [User:33] Обновлен P&L для отчета 66: налог=0.0, чистая прибыль=1946.0300000000002
2026-04-07 14:14:53,579 | INFO | [User:33] Обновлен P&L для отчета 66: налог=0.0, чистая прибыль=946.0300000000002
2026-04-07 14:14:55,267 | INFO | [User:33] Обновлен P&L для отчета 66: налог=236.7618, чистая прибыль=709.2682000000004
2026-04-07 14:14:59,375 | INFO | [User:33] Найдено артикулов: 43
2026-04-07 14:15:03,621 | INFO | [User:33] Найдено отчетов: 2
2026-04-07 14:15:22,906 | INFO | [User:33] === ДЕМОНСТРАЦИЯ ПАТТЕРНОВ ===
2026-04-07 14:15:22,906 | INFO | [User:33] 1. Singleton: логгер создан в единственном экземпляре
2026-04-07 14:15:22,907 | INFO | [User:33] 2. Template Method: создаём анализатор Wildberries (демо-режим)
2026-04-07 14:15:22,907 | INFO | [User:33] Начало анализа отчёта
2026-04-07 14:15:22,907 | INFO | ✓ Валидация пройдена
2026-04-07 14:15:22,907 | INFO | ✓ Демо-режим: данные сгенерированы
2026-04-07 14:15:22,907 | INFO | Парсинг данных
2026-04-07 14:15:22,907 | INFO | Расчёт метрик Wildberries
2026-04-07 14:15:22,907 | INFO | [User:33] Результат: выручка=50000 руб., прибыль=43000 руб.
2026-04-07 14:15:22,907 | INFO | [User:33] Анализ завершён
2026-04-07 14:15:22,907 | INFO | [User:33] 3. Template Method: создаём анализатор Ozon (демо-режим)
2026-04-07 14:15:22,907 | INFO | [User:33] Начало анализа отчёта
2026-04-07 14:15:22,907 | INFO | ✓ Валидация пройдена
2026-04-07 14:15:22,907 | INFO | ✓ Демо-режим: данные сгенерированы
2026-04-07 14:15:22,907 | INFO | Парсинг данных Ozon
2026-04-07 14:15:22,907 | INFO | Расчёт метрик Ozon
2026-04-07 14:15:22,907 | INFO | [User:33] Результат: выручка=30000 руб., прибыль=24500 руб.
2026-04-07 14:15:22,907 | INFO | [User:33] Анализ завершён
2026-04-07 15:07:55,904 | INFO | [User:33] Создан новый отчет 23.03.2026 – 29.03.2026 с ID: 67
2026-04-07 15:08:00,335 | INFO | [User:33] Обновлен P&L для отчета 67: налог=0.0, чистая прибыль=1774.12
2026-04-07 15:08:01,160 | INFO | [User:33] Обновлен P&L для отчета 67: налог=0.0, чистая прибыль=1773.12
2026-04-07 15:08:03,047 | INFO | [User:33] Обновлен P&L для отчета 67: налог=0.0, чистая прибыль=774.1199999999999
2026-04-07 15:08:04,739 | INFO | [User:33] Обновлен P&L для отчета 67: налог=221.6472, чистая прибыль=552.4728
2026-04-07 15:08:07,031 | INFO | [User:33] Найдено артикулов: 43
2026-04-07 15:08:09,009 | INFO | [User:33] Найдено отчетов: 3
2026-04-07 18:34:18,332 | INFO | [User:33] === ДЕМОНСТРАЦИЯ ПАТТЕРНОВ ===
2026-04-07 18:34:18,332 | INFO | [User:33] 1. Singleton: логгер создан в единственном экземпляре
2026-04-07 18:34:18,332 | INFO | [User:33] 2. Template Method: создаём анализатор Wildberries (демо-режим)
2026-04-07 18:34:18,333 | INFO | [User:33] Начало анализа отчёта
2026-04-07 18:34:18,333 | INFO | ✓ Валидация пройдена
2026-04-07 18:34:18,334 | INFO | ✓ Демо-режим: данные сгенерированы
2026-04-07 18:34:18,337 | INFO | Парсинг данных
2026-04-07 18:34:18,337 | INFO | Расчёт метрик Wildberries
2026-04-07 18:34:18,338 | INFO | [User:33] Результат: выручка=50000 руб., прибыль=43000 руб.
2026-04-07 18:34:18,338 | INFO | [User:33] Анализ завершён
2026-04-07 18:34:18,338 | INFO | [User:33] 3. Template Method: создаём анализатор Ozon (демо-режим)
2026-04-07 18:34:18,338 | INFO | [User:33] Начало анализа отчёта
2026-04-07 18:34:18,338 | INFO | ✓ Валидация пройдена
2026-04-07 18:34:18,339 | INFO | ✓ Демо-режим: данные сгенерированы
2026-04-07 18:34:18,339 | INFO | Парсинг данных Ozon
2026-04-07 18:34:18,339 | INFO | Расчёт метрик Ozon
2026-04-07 18:34:18,339 | INFO | [User:33] Результат: выручка=30000 руб., прибыль=24500 руб.
2026-04-07 18:34:18,339 | INFO | [User:33] Анализ завершён
2026-04-08 11:47:00,085 | INFO | [User:33] Найдено отчетов: 3
2026-04-08 11:47:02,892 | INFO | [User:33] Найдено артикулов: 43
2026-04-08 11:47:07,510 | INFO | [User:33] Найдено отчетов: 3
2026-04-08 11:51:48,248 | INFO | [User:33] Создан новый отчет 23.03.2026 – 29.03.2026 с ID: 68
2026-04-08 11:51:57,058 | INFO | [User:33] Найдено артикулов: 43
2026-04-08 11:52:51,315 | INFO | [User:33] Найдено отчетов: 4
2026-04-13 21:47:13,366 | INFO | [User:33] Найдено отчетов: 4
